{
  "RSpec": {
    "coverage": {
      "/home/dell/Feature-control-Engine/app/models/feature_override.rb": {
        "lines": [
          null,
          1,
          1,
          null,
          1,
          null,
          1,
          null,
          1,
          1,
          1,
          null,
          1,
          null,
          1,
          null,
          1,
          null,
          1,
          22,
          null,
          null,
          1,
          19,
          null,
          null
        ]
      },
      "/home/dell/Feature-control-Engine/app/models/application_record.rb": {
        "lines": [
          1,
          1,
          null
        ]
      },
      "/home/dell/Feature-control-Engine/app/models/feature.rb": {
        "lines": [
          null,
          1,
          1,
          null,
          1,
          1,
          null,
          1,
          null,
          1,
          null,
          1,
          40,
          null,
          null
        ]
      },
      "/home/dell/Feature-control-Engine/app/models/group.rb": {
        "lines": [
          null,
          1,
          1,
          null,
          1,
          null
        ]
      },
      "/home/dell/Feature-control-Engine/app/models/user.rb": {
        "lines": [
          null,
          1,
          1,
          null,
          1,
          null
        ]
      },
      "/home/dell/Feature-control-Engine/app/services/feature_control_engine/evaluator.rb": {
        "lines": [
          1,
          1,
          1,
          9,
          9,
          9,
          9,
          9,
          9,
          null,
          null,
          1,
          9,
          5,
          5,
          null,
          null,
          7,
          3,
          3,
          null,
          5,
          2,
          2,
          null,
          null,
          3,
          2,
          null,
          null,
          1,
          null,
          null,
          1,
          10,
          5,
          null,
          null,
          null,
          1,
          10,
          null,
          null,
          null
        ]
      },
      "/home/dell/Feature-control-Engine/app/services/feature_control_engine/mutation_service.rb": {
        "lines": [
          null,
          1,
          1,
          1,
          3,
          null,
          null,
          1,
          2,
          2,
          null,
          null,
          1,
          3,
          null,
          null,
          1,
          2,
          2,
          null,
          null,
          null
        ]
      },
      "/home/dell/Feature-control-Engine/app/services/feature_control_engine/override_resolver.rb": {
        "lines": [
          1,
          1,
          1,
          2,
          null,
          null,
          null,
          1,
          2,
          1,
          null,
          null,
          null,
          null,
          null
        ]
      },
      "/home/dell/Feature-control-Engine/app/services/feature_control_engine/cache_store.rb": {
        "lines": [
          null,
          1,
          1,
          1,
          null,
          1,
          8,
          null,
          null,
          1,
          59,
          null,
          null,
          1,
          63,
          null,
          null,
          1,
          4,
          null,
          4,
          null,
          null,
          2,
          null,
          null,
          null,
          null,
          1,
          null,
          null
        ]
      },
      "/home/dell/Feature-control-Engine/app/controllers/api/v1/features_controller.rb": {
        "lines": [
          null,
          1,
          1,
          1,
          1,
          1,
          null,
          null,
          1,
          1,
          null,
          null,
          null,
          1,
          1,
          null,
          null,
          null,
          1,
          2,
          1,
          null,
          null,
          null,
          1,
          1,
          1,
          null,
          null,
          null,
          1,
          4,
          3,
          3,
          null,
          null,
          null,
          null,
          null,
          null,
          3,
          null,
          null,
          1,
          null,
          1,
          2,
          null,
          null,
          1,
          4,
          null,
          null,
          1,
          3,
          null,
          null,
          null,
          null
        ]
      },
      "/home/dell/Feature-control-Engine/app/controllers/application_controller.rb": {
        "lines": [
          null,
          1,
          1,
          2,
          null,
          null,
          1,
          1,
          null,
          null,
          1,
          0,
          null,
          null
        ]
      },
      "/home/dell/Feature-control-Engine/app/controllers/api/v1/feature_overrides_controller.rb": {
        "lines": [
          null,
          1,
          1,
          1,
          1,
          1,
          null,
          null,
          1,
          2,
          2,
          null,
          null,
          null,
          1,
          1,
          1,
          null,
          null,
          null,
          1,
          1,
          1,
          null,
          null,
          1,
          null,
          1,
          5,
          null,
          null,
          1,
          2,
          null,
          null,
          1,
          3,
          null,
          null,
          null,
          null
        ]
      },
      "/home/dell/Feature-control-Engine/app/jobs/application_job.rb": {
        "lines": [
          0,
          null,
          null,
          null,
          null,
          null,
          0
        ],
        "branches": {}
      },
      "/home/dell/Feature-control-Engine/app/mailers/application_mailer.rb": {
        "lines": [
          0,
          0,
          0,
          0
        ],
        "branches": {}
      }
    },
    "timestamp": 1771493298
  }
}
